This file contains any messages produced by compilers while
running configure, to aid debugging if configure makes a mistake.

It was created by memcached configure 1.4.5, which was
generated by GNU Autoconf 2.63.  Invocation command line was

  $ ./configure 

## --------- ##
## Platform. ##
## --------- ##

hostname = nitre.local
uname -m = i386
uname -r = 9.8.0
uname -s = Darwin
uname -v = Darwin Kernel Version 9.8.0: Wed Jul 15 16:55:01 PDT 2009; root:xnu-1228.15.4~1/RELEASE_I386

/usr/bin/uname -p = i386
/bin/uname -X     = unknown

/bin/arch              = unknown
/usr/bin/arch -k       = unknown
/usr/convex/getsysinfo = unknown
/usr/bin/hostinfo      = Mach kernel version:
	 Darwin Kernel Version 9.8.0: Wed Jul 15 16:55:01 PDT 2009; root:xnu-1228.15.4~1/RELEASE_I386
Kernel configured for up to 2 processors.
2 processors are physically available.
2 processors are logically available.
Processor type: i486 (Intel 80486)
Processors active: 0 1
Primary memory available: 4.00 gigabytes
Default processor set: 83 tasks, 425 threads, 2 processors
Load average: 0.92, Mach factor: 1.07
/bin/machine           = unknown
/usr/bin/oslevel       = unknown
/bin/universe          = unknown

PATH: /Library/Frameworks/Python.framework/Versions/3.0/bin
PATH: /usr/bin
PATH: /bin
PATH: /usr/sbin
PATH: /sbin
PATH: /usr/local/bin
PATH: /usr/X11/bin
PATH: /usr/local/git/bin


## ----------- ##
## Core tests. ##
## ----------- ##

configure:1914: checking build system type
configure:1932: result: i386-apple-darwin9.8.0
configure:1954: checking host system type
configure:1969: result: i386-apple-darwin9.8.0
configure:1991: checking target system type
configure:2006: result: i386-apple-darwin9.8.0
configure:2051: checking for a BSD-compatible install
configure:2119: result: /usr/bin/install -c
configure:2130: checking whether build environment is sane
configure:2173: result: yes
configure:2198: checking for a thread-safe mkdir -p
configure:2237: result: ./install-sh -c -d
configure:2250: checking for gawk
configure:2280: result: no
configure:2250: checking for mawk
configure:2280: result: no
configure:2250: checking for nawk
configure:2280: result: no
configure:2250: checking for awk
configure:2266: found /usr/bin/awk
configure:2277: result: awk
configure:2288: checking whether make sets $(MAKE)
configure:2310: result: yes
configure:2545: checking for gcc
configure:2561: found /usr/bin/gcc
configure:2572: result: gcc
configure:2804: checking for C compiler version
configure:2812: gcc --version >&5
i686-apple-darwin9-gcc-4.0.1 (GCC) 4.0.1 (Apple Inc. build 5493)
Copyright (C) 2005 Free Software Foundation, Inc.
This is free software; see the source for copying conditions.  There is NO
warranty; not even for MERCHANTABILITY or FITNESS FOR A PARTICULAR PURPOSE.

configure:2816: $? = 0
configure:2823: gcc -v >&5
Using built-in specs.
Target: i686-apple-darwin9
Configured with: /var/tmp/gcc/gcc-5493~1/src/configure --disable-checking -enable-werror --prefix=/usr --mandir=/share/man --enable-languages=c,objc,c++,obj-c++ --program-transform-name=/^[cg][^.-]*$/s/$/-4.0/ --with-gxx-include-dir=/include/c++/4.0.0 --with-slibdir=/usr/lib --build=i686-apple-darwin9 --with-arch=apple --with-tune=generic --host=i686-apple-darwin9 --target=i686-apple-darwin9
Thread model: posix
gcc version 4.0.1 (Apple Inc. build 5493)
configure:2827: $? = 0
configure:2834: gcc -V >&5
gcc-4.0: argument to `-V' is missing
configure:2838: $? = 1
configure:2861: checking for C compiler default output file name
configure:2883: gcc    conftest.c  >&5
configure:2887: $? = 0
configure:2925: result: a.out
configure:2944: checking whether the C compiler works
configure:2954: ./a.out
configure:2958: $? = 0
configure:2977: result: yes
configure:2984: checking whether we are cross compiling
configure:2986: result: no
configure:2989: checking for suffix of executables
configure:2996: gcc -o conftest    conftest.c  >&5
configure:3000: $? = 0
configure:3026: result: 
configure:3032: checking for suffix of object files
configure:3058: gcc -c   conftest.c >&5
configure:3062: $? = 0
configure:3087: result: o
configure:3091: checking whether we are using the GNU C compiler
configure:3120: gcc -c   conftest.c >&5
configure:3127: $? = 0
configure:3144: result: yes
configure:3153: checking whether gcc accepts -g
configure:3183: gcc -c -g  conftest.c >&5
configure:3190: $? = 0
configure:3291: result: yes
configure:3308: checking for gcc option to accept ISO C89
configure:3382: gcc  -c -g -O2  conftest.c >&5
configure:3389: $? = 0
configure:3412: result: none needed
configure:3441: checking for style of include used by make
configure:3469: result: GNU
configure:3494: checking dependency style of gcc
configure:3585: result: gcc3
configure:3609: checking how to run the C preprocessor
configure:3649: gcc -E  conftest.c
configure:3656: $? = 0
configure:3687: gcc -E  conftest.c
conftest.c:10:28: error: ac_nonexistent.h: No such file or directory
configure:3694: $? = 1
configure: failed program was:
| /* confdefs.h.  */
| #define PACKAGE_NAME "memcached"
| #define PACKAGE_TARNAME "memcached"
| #define PACKAGE_VERSION "1.4.5"
| #define PACKAGE_STRING "memcached 1.4.5"
| #define PACKAGE_BUGREPORT "memcached@googlegroups.com"
| #define PACKAGE "memcached"
| #define VERSION "1.4.5"
| /* end confdefs.h.  */
| #include <ac_nonexistent.h>
configure:3727: result: gcc -E
configure:3756: gcc -E  conftest.c
configure:3763: $? = 0
configure:3794: gcc -E  conftest.c
conftest.c:10:28: error: ac_nonexistent.h: No such file or directory
configure:3801: $? = 1
configure: failed program was:
| /* confdefs.h.  */
| #define PACKAGE_NAME "memcached"
| #define PACKAGE_TARNAME "memcached"
| #define PACKAGE_VERSION "1.4.5"
| #define PACKAGE_STRING "memcached 1.4.5"
| #define PACKAGE_BUGREPORT "memcached@googlegroups.com"
| #define PACKAGE "memcached"
| #define VERSION "1.4.5"
| /* end confdefs.h.  */
| #include <ac_nonexistent.h>
configure:3841: checking for grep that handles long lines and -e
configure:3901: result: /usr/bin/grep
configure:3906: checking for egrep
configure:3970: result: /usr/bin/grep -E
configure:3977: checking for icc in use
configure:3990: result: no
configure:4012: checking for Sun cc in use
configure:4050: gcc -o conftest -g -O2   conftest.c  >&5
configure:4054: $? = 0
configure:4060: ./conftest
configure:4064: $? = 1
configure: program exited with status 1
configure: failed program was:
| /* confdefs.h.  */
| #define PACKAGE_NAME "memcached"
| #define PACKAGE_TARNAME "memcached"
| #define PACKAGE_VERSION "1.4.5"
| #define PACKAGE_STRING "memcached 1.4.5"
| #define PACKAGE_BUGREPORT "memcached@googlegroups.com"
| #define PACKAGE "memcached"
| #define VERSION "1.4.5"
| /* end confdefs.h.  */
| 
| int
| main ()
| {
| #ifdef __SUNPRO_C
|    return 0;
| #else
|    return 1;
| #endif
| 
|   ;
|   return 0;
| }
| 
configure:4079: result: no
configure:4092: checking for gcc option to accept ISO C99
configure:4251: gcc  -c -g -O2  conftest.c >&5
conftest.c:60: error: syntax error before 'text'
conftest.c: In function 'test_restrict':
conftest.c:65: error: 'for' loop initial declaration used outside C99 mode
conftest.c:65: error: 'text' undeclared (first use in this function)
conftest.c:65: error: (Each undeclared identifier is reported only once
conftest.c:65: error: for each function it appears in.)
conftest.c: In function 'main':
conftest.c:114: error: nested functions are disabled, use -fnested-functions to re-enable
conftest.c:114: error: syntax error before 'newvar'
conftest.c:124: error: 'for' loop initial declaration used outside C99 mode
conftest.c:140: error: 'newvar' undeclared (first use in this function)
configure:4258: $? = 1
configure: failed program was:
| /* confdefs.h.  */
| #define PACKAGE_NAME "memcached"
| #define PACKAGE_TARNAME "memcached"
| #define PACKAGE_VERSION "1.4.5"
| #define PACKAGE_STRING "memcached 1.4.5"
| #define PACKAGE_BUGREPORT "memcached@googlegroups.com"
| #define PACKAGE "memcached"
| #define VERSION "1.4.5"
| /* end confdefs.h.  */
| #include <stdarg.h>
| #include <stdbool.h>
| #include <stdlib.h>
| #include <wchar.h>
| #include <stdio.h>
| 
| // Check varargs macros.  These examples are taken from C99 6.10.3.5.
| #define debug(...) fprintf (stderr, __VA_ARGS__)
| #define showlist(...) puts (#__VA_ARGS__)
| #define report(test,...) ((test) ? puts (#test) : printf (__VA_ARGS__))
| static void
| test_varargs_macros (void)
| {
|   int x = 1234;
|   int y = 5678;
|   debug ("Flag");
|   debug ("X = %d\n", x);
|   showlist (The first, second, and third items.);
|   report (x>y, "x is %d but y is %d", x, y);
| }
| 
| // Check long long types.
| #define BIG64 18446744073709551615ull
| #define BIG32 4294967295ul
| #define BIG_OK (BIG64 / BIG32 == 4294967297ull && BIG64 % BIG32 == 0)
| #if !BIG_OK
|   your preprocessor is broken;
| #endif
| #if BIG_OK
| #else
|   your preprocessor is broken;
| #endif
| static long long int bignum = -9223372036854775807LL;
| static unsigned long long int ubignum = BIG64;
| 
| struct incomplete_array
| {
|   int datasize;
|   double data[];
| };
| 
| struct named_init {
|   int number;
|   const wchar_t *name;
|   double average;
| };
| 
| typedef const char *ccp;
| 
| static inline int
| test_restrict (ccp restrict text)
| {
|   // See if C++-style comments work.
|   // Iterate through items via the restricted pointer.
|   // Also check for declarations in for loops.
|   for (unsigned int i = 0; *(text+i) != '\0'; ++i)
|     continue;
|   return 0;
| }
| 
| // Check varargs and va_copy.
| static void
| test_varargs (const char *format, ...)
| {
|   va_list args;
|   va_start (args, format);
|   va_list args_copy;
|   va_copy (args_copy, args);
| 
|   const char *str;
|   int number;
|   float fnumber;
| 
|   while (*format)
|     {
|       switch (*format++)
| 	{
| 	case 's': // string
| 	  str = va_arg (args_copy, const char *);
| 	  break;
| 	case 'd': // int
| 	  number = va_arg (args_copy, int);
| 	  break;
| 	case 'f': // float
| 	  fnumber = va_arg (args_copy, double);
| 	  break;
| 	default:
| 	  break;
| 	}
|     }
|   va_end (args_copy);
|   va_end (args);
| }
| 
| int
| main ()
| {
| 
|   // Check bool.
|   _Bool success = false;
| 
|   // Check restrict.
|   if (test_restrict ("String literal") == 0)
|     success = true;
|   char *restrict newvar = "Another string";
| 
|   // Check varargs.
|   test_varargs ("s, d' f .", "string", 65, 34.234);
|   test_varargs_macros ();
| 
|   // Check flexible array members.
|   struct incomplete_array *ia =
|     malloc (sizeof (struct incomplete_array) + (sizeof (double) * 10));
|   ia->datasize = 10;
|   for (int i = 0; i < ia->datasize; ++i)
|     ia->data[i] = i * 1.234;
| 
|   // Check named initializers.
|   struct named_init ni = {
|     .number = 34,
|     .name = L"Test wide string",
|     .average = 543.34343,
|   };
| 
|   ni.number = 58;
| 
|   int dynamic_array[ni.number];
|   dynamic_array[ni.number - 1] = 543;
| 
|   // work around unused variable warnings
|   return (!success || bignum == 0LL || ubignum == 0uLL || newvar[0] == 'x'
| 	  || dynamic_array[ni.number - 1] != 543);
| 
|   ;
|   return 0;
| }
configure:4251: gcc -std=gnu99 -c -g -O2  conftest.c >&5
configure:4258: $? = 0
configure:4288: result: -std=gnu99
configure:4296: checking whether gcc -std=gnu99 and cc understand -c and -o together
configure:4331: gcc -std=gnu99 -c conftest.c -o conftest2.o >&5
configure:4335: $? = 0
configure:4341: gcc -std=gnu99 -c conftest.c -o conftest2.o >&5
configure:4345: $? = 0
configure:4356: cc -c conftest.c >&5
configure:4360: $? = 0
configure:4368: cc -c conftest.c -o conftest2.o >&5
configure:4372: $? = 0
configure:4378: cc -c conftest.c -o conftest2.o >&5
configure:4382: $? = 0
configure:4400: result: yes
configure:4441: checking for a BSD-compatible install
configure:4509: result: /usr/bin/install -c
configure:4541: checking for ANSI C header files
configure:4571: gcc -std=gnu99 -c -g -O2  conftest.c >&5
configure:4578: $? = 0
configure:4677: gcc -std=gnu99 -o conftest -g -O2   conftest.c  >&5
configure:4681: $? = 0
configure:4687: ./conftest
configure:4691: $? = 0
configure:4709: result: yes
configure:4733: checking for sys/types.h
configure:4754: gcc -std=gnu99 -c -g -O2  conftest.c >&5
configure:4761: $? = 0
configure:4778: result: yes
configure:4733: checking for sys/stat.h
configure:4754: gcc -std=gnu99 -c -g -O2  conftest.c >&5
configure:4761: $? = 0
configure:4778: result: yes
configure:4733: checking for stdlib.h
configure:4754: gcc -std=gnu99 -c -g -O2  conftest.c >&5
configure:4761: $? = 0
configure:4778: result: yes
configure:4733: checking for string.h
configure:4754: gcc -std=gnu99 -c -g -O2  conftest.c >&5
configure:4761: $? = 0
configure:4778: result: yes
configure:4733: checking for memory.h
configure:4754: gcc -std=gnu99 -c -g -O2  conftest.c >&5
configure:4761: $? = 0
configure:4778: result: yes
configure:4733: checking for strings.h
configure:4754: gcc -std=gnu99 -c -g -O2  conftest.c >&5
configure:4761: $? = 0
configure:4778: result: yes
configure:4733: checking for inttypes.h
configure:4754: gcc -std=gnu99 -c -g -O2  conftest.c >&5
configure:4761: $? = 0
configure:4778: result: yes
configure:4733: checking for stdint.h
configure:4754: gcc -std=gnu99 -c -g -O2  conftest.c >&5
configure:4761: $? = 0
configure:4778: result: yes
configure:4733: checking for unistd.h
configure:4754: gcc -std=gnu99 -c -g -O2  conftest.c >&5
configure:4761: $? = 0
configure:4778: result: yes
configure:4808: checking sasl/sasl.h usability
configure:4825: gcc -std=gnu99 -c -g -O2  conftest.c >&5
configure:4832: $? = 0
configure:4846: result: yes
configure:4850: checking sasl/sasl.h presence
configure:4865: gcc -E  conftest.c
configure:4872: $? = 0
configure:4886: result: yes
configure:4919: checking for sasl/sasl.h
configure:4928: result: yes
configure:5238: checking for gcov
configure:5256: found /usr/bin/gcov
configure:5269: result: /usr/bin/gcov
configure:5279: checking for main in -lgcov
configure:5308: gcc -std=gnu99 -o conftest -g -O2 -pthread   conftest.c -lgcov   >&5
configure:5315: $? = 0
configure:5336: result: yes
configure:5497: checking for libevent directory
configure:5551: gcc -std=gnu99 -o conftest -g -O2 -pthread   conftest.c  -levent >&5
configure:5558: $? = 0
configure:5603: result: (system)
configure:5622: checking for library containing socket
configure:5663: gcc -std=gnu99 -o conftest -g -O2 -pthread   conftest.c  -levent >&5
configure:5670: $? = 0
configure:5701: result: none required
configure:5709: checking for library containing gethostbyname
configure:5750: gcc -std=gnu99 -o conftest -g -O2 -pthread   conftest.c  -levent >&5
configure:5757: $? = 0
configure:5788: result: none required
configure:5796: checking for library containing umem_cache_create
configure:5837: gcc -std=gnu99 -o conftest -g -O2 -pthread   conftest.c  -levent >&5
Undefined symbols:
  "_umem_cache_create", referenced from:
      _main in ccei9IbR.o
ld: symbol(s) not found
collect2: ld returned 1 exit status
configure:5844: $? = 1
configure: failed program was:
| /* confdefs.h.  */
| #define PACKAGE_NAME "memcached"
| #define PACKAGE_TARNAME "memcached"
| #define PACKAGE_VERSION "1.4.5"
| #define PACKAGE_STRING "memcached 1.4.5"
| #define PACKAGE_BUGREPORT "memcached@googlegroups.com"
| #define PACKAGE "memcached"
| #define VERSION "1.4.5"
| #define STDC_HEADERS 1
| #define HAVE_SYS_TYPES_H 1
| #define HAVE_SYS_STAT_H 1
| #define HAVE_STDLIB_H 1
| #define HAVE_STRING_H 1
| #define HAVE_MEMORY_H 1
| #define HAVE_STRINGS_H 1
| #define HAVE_INTTYPES_H 1
| #define HAVE_STDINT_H 1
| #define HAVE_UNISTD_H 1
| #define HAVE_SASL_SASL_H 1
| /* end confdefs.h.  */
| 
| /* Override any GCC internal prototype to avoid an error.
|    Use char because int might match the return type of a GCC
|    builtin and then its argument prototype would still apply.  */
| #ifdef __cplusplus
| extern "C"
| #endif
| char umem_cache_create ();
| int
| main ()
| {
| return umem_cache_create ();
|   ;
|   return 0;
| }
configure:5837: gcc -std=gnu99 -o conftest -g -O2 -pthread   conftest.c -lumem   -levent >&5
ld: library not found for -lumem
collect2: ld returned 1 exit status
configure:5844: $? = 1
configure: failed program was:
| /* confdefs.h.  */
| #define PACKAGE_NAME "memcached"
| #define PACKAGE_TARNAME "memcached"
| #define PACKAGE_VERSION "1.4.5"
| #define PACKAGE_STRING "memcached 1.4.5"
| #define PACKAGE_BUGREPORT "memcached@googlegroups.com"
| #define PACKAGE "memcached"
| #define VERSION "1.4.5"
| #define STDC_HEADERS 1
| #define HAVE_SYS_TYPES_H 1
| #define HAVE_SYS_STAT_H 1
| #define HAVE_STDLIB_H 1
| #define HAVE_STRING_H 1
| #define HAVE_MEMORY_H 1
| #define HAVE_STRINGS_H 1
| #define HAVE_INTTYPES_H 1
| #define HAVE_STDINT_H 1
| #define HAVE_UNISTD_H 1
| #define HAVE_SASL_SASL_H 1
| /* end confdefs.h.  */
| 
| /* Override any GCC internal prototype to avoid an error.
|    Use char because int might match the return type of a GCC
|    builtin and then its argument prototype would still apply.  */
| #ifdef __cplusplus
| extern "C"
| #endif
| char umem_cache_create ();
| int
| main ()
| {
| return umem_cache_create ();
|   ;
|   return 0;
| }
configure:5875: result: no
configure:5883: checking for library containing gethugepagesizes
configure:5924: gcc -std=gnu99 -o conftest -g -O2 -pthread   conftest.c  -levent >&5
Undefined symbols:
  "_gethugepagesizes", referenced from:
      _main in ccrVOUDE.o
ld: symbol(s) not found
collect2: ld returned 1 exit status
configure:5931: $? = 1
configure: failed program was:
| /* confdefs.h.  */
| #define PACKAGE_NAME "memcached"
| #define PACKAGE_TARNAME "memcached"
| #define PACKAGE_VERSION "1.4.5"
| #define PACKAGE_STRING "memcached 1.4.5"
| #define PACKAGE_BUGREPORT "memcached@googlegroups.com"
| #define PACKAGE "memcached"
| #define VERSION "1.4.5"
| #define STDC_HEADERS 1
| #define HAVE_SYS_TYPES_H 1
| #define HAVE_SYS_STAT_H 1
| #define HAVE_STDLIB_H 1
| #define HAVE_STRING_H 1
| #define HAVE_MEMORY_H 1
| #define HAVE_STRINGS_H 1
| #define HAVE_INTTYPES_H 1
| #define HAVE_STDINT_H 1
| #define HAVE_UNISTD_H 1
| #define HAVE_SASL_SASL_H 1
| /* end confdefs.h.  */
| 
| /* Override any GCC internal prototype to avoid an error.
|    Use char because int might match the return type of a GCC
|    builtin and then its argument prototype would still apply.  */
| #ifdef __cplusplus
| extern "C"
| #endif
| char gethugepagesizes ();
| int
| main ()
| {
| return gethugepagesizes ();
|   ;
|   return 0;
| }
configure:5924: gcc -std=gnu99 -o conftest -g -O2 -pthread   conftest.c -lhugetlbfs   -levent >&5
ld: library not found for -lhugetlbfs
collect2: ld returned 1 exit status
configure:5931: $? = 1
configure: failed program was:
| /* confdefs.h.  */
| #define PACKAGE_NAME "memcached"
| #define PACKAGE_TARNAME "memcached"
| #define PACKAGE_VERSION "1.4.5"
| #define PACKAGE_STRING "memcached 1.4.5"
| #define PACKAGE_BUGREPORT "memcached@googlegroups.com"
| #define PACKAGE "memcached"
| #define VERSION "1.4.5"
| #define STDC_HEADERS 1
| #define HAVE_SYS_TYPES_H 1
| #define HAVE_SYS_STAT_H 1
| #define HAVE_STDLIB_H 1
| #define HAVE_STRING_H 1
| #define HAVE_MEMORY_H 1
| #define HAVE_STRINGS_H 1
| #define HAVE_INTTYPES_H 1
| #define HAVE_STDINT_H 1
| #define HAVE_UNISTD_H 1
| #define HAVE_SASL_SASL_H 1
| /* end confdefs.h.  */
| 
| /* Override any GCC internal prototype to avoid an error.
|    Use char because int might match the return type of a GCC
|    builtin and then its argument prototype would still apply.  */
| #ifdef __cplusplus
| extern "C"
| #endif
| char gethugepagesizes ();
| int
| main ()
| {
| return gethugepagesizes ();
|   ;
|   return 0;
| }
configure:5962: result: no
configure:5971: checking for stdbool.h that conforms to C99
configure:6066: gcc -std=gnu99 -c -g -O2 -pthread  conftest.c >&5
configure:6073: $? = 0
configure:6088: result: yes
configure:6090: checking for _Bool
configure:6118: gcc -std=gnu99 -c -g -O2 -pthread  conftest.c >&5
configure:6125: $? = 0
configure:6152: gcc -std=gnu99 -c -g -O2 -pthread  conftest.c >&5
conftest.c: In function 'main':
conftest.c:57: error: syntax error before ')' token
configure:6159: $? = 1
configure: failed program was:
| /* confdefs.h.  */
| #define PACKAGE_NAME "memcached"
| #define PACKAGE_TARNAME "memcached"
| #define PACKAGE_VERSION "1.4.5"
| #define PACKAGE_STRING "memcached 1.4.5"
| #define PACKAGE_BUGREPORT "memcached@googlegroups.com"
| #define PACKAGE "memcached"
| #define VERSION "1.4.5"
| #define STDC_HEADERS 1
| #define HAVE_SYS_TYPES_H 1
| #define HAVE_SYS_STAT_H 1
| #define HAVE_STDLIB_H 1
| #define HAVE_STRING_H 1
| #define HAVE_MEMORY_H 1
| #define HAVE_STRINGS_H 1
| #define HAVE_INTTYPES_H 1
| #define HAVE_STDINT_H 1
| #define HAVE_UNISTD_H 1
| #define HAVE_SASL_SASL_H 1
| /* end confdefs.h.  */
| #include <stdio.h>
| #ifdef HAVE_SYS_TYPES_H
| # include <sys/types.h>
| #endif
| #ifdef HAVE_SYS_STAT_H
| # include <sys/stat.h>
| #endif
| #ifdef STDC_HEADERS
| # include <stdlib.h>
| # include <stddef.h>
| #else
| # ifdef HAVE_STDLIB_H
| #  include <stdlib.h>
| # endif
| #endif
| #ifdef HAVE_STRING_H
| # if !defined STDC_HEADERS && defined HAVE_MEMORY_H
| #  include <memory.h>
| # endif
| # include <string.h>
| #endif
| #ifdef HAVE_STRINGS_H
| # include <strings.h>
| #endif
| #ifdef HAVE_INTTYPES_H
| # include <inttypes.h>
| #endif
| #ifdef HAVE_STDINT_H
| # include <stdint.h>
| #endif
| #ifdef HAVE_UNISTD_H
| # include <unistd.h>
| #endif
| int
| main ()
| {
| if (sizeof ((_Bool)))
| 	  return 0;
|   ;
|   return 0;
| }
configure:6182: result: yes
configure:6209: checking for inttypes.h
configure:6216: result: yes
configure:6361: checking for print macros for integers (C99 section 7.8.1)
configure:6395: gcc -std=gnu99 -c -g -O2 -pthread  conftest.c >&5
configure:6402: $? = 0
configure:6418: result: yes
configure:6435: checking for an ANSI C-conforming const
configure:6510: gcc -std=gnu99 -c -g -O2 -pthread  conftest.c >&5
configure:6517: $? = 0
configure:6532: result: yes
configure:6545: checking for socklen_t
configure:6577: gcc -std=gnu99 -c -g -O2 -pthread  conftest.c >&5
configure:6584: $? = 0
configure:6604: result: yes
configure:6617: checking for endianness
configure:6657: gcc -std=gnu99 -o conftest -g -O2 -pthread   conftest.c  -levent >&5
conftest.c: In function 'main':
conftest.c:30: warning: implicit declaration of function 'exit'
conftest.c:30: warning: incompatible implicit declaration of built-in function 'exit'
configure:6661: $? = 0
configure:6667: ./conftest
configure:6671: $? = 1
configure: program exited with status 1
configure: failed program was:
| /* confdefs.h.  */
| #define PACKAGE_NAME "memcached"
| #define PACKAGE_TARNAME "memcached"
| #define PACKAGE_VERSION "1.4.5"
| #define PACKAGE_STRING "memcached 1.4.5"
| #define PACKAGE_BUGREPORT "memcached@googlegroups.com"
| #define PACKAGE "memcached"
| #define VERSION "1.4.5"
| #define STDC_HEADERS 1
| #define HAVE_SYS_TYPES_H 1
| #define HAVE_SYS_STAT_H 1
| #define HAVE_STDLIB_H 1
| #define HAVE_STRING_H 1
| #define HAVE_MEMORY_H 1
| #define HAVE_STRINGS_H 1
| #define HAVE_INTTYPES_H 1
| #define HAVE_STDINT_H 1
| #define HAVE_UNISTD_H 1
| #define HAVE_SASL_SASL_H 1
| #define HAVE__BOOL 1
| #define HAVE_STDBOOL_H 1
| #define HAVE_INTTYPES_H 1
| /* end confdefs.h.  */
| 
| int
| main ()
| {
|         long val = 1;
|         char *c = (char *) &val;
|         exit(*c == 1);
| 
|   ;
|   return 0;
| }
| 
configure:6693: result: little
configure:6714: checking for htonll
configure:6757: gcc -std=gnu99 -o conftest -g -O2 -pthread   conftest.c  -levent >&5
conftest.c: In function 'main':
conftest.c:37: warning: implicit declaration of function 'htonll'
Undefined symbols:
  "_htonll", referenced from:
      _main in ccRWUdhB.o
ld: symbol(s) not found
collect2: ld returned 1 exit status
configure:6761: $? = 1
configure: program exited with status 1
configure: failed program was:
| 
|        /* confdefs.h.  */
| #define PACKAGE_NAME "memcached"
| #define PACKAGE_TARNAME "memcached"
| #define PACKAGE_VERSION "1.4.5"
| #define PACKAGE_STRING "memcached 1.4.5"
| #define PACKAGE_BUGREPORT "memcached@googlegroups.com"
| #define PACKAGE "memcached"
| #define VERSION "1.4.5"
| #define STDC_HEADERS 1
| #define HAVE_SYS_TYPES_H 1
| #define HAVE_SYS_STAT_H 1
| #define HAVE_STDLIB_H 1
| #define HAVE_STRING_H 1
| #define HAVE_MEMORY_H 1
| #define HAVE_STRINGS_H 1
| #define HAVE_INTTYPES_H 1
| #define HAVE_STDINT_H 1
| #define HAVE_UNISTD_H 1
| #define HAVE_SASL_SASL_H 1
| #define HAVE__BOOL 1
| #define HAVE_STDBOOL_H 1
| #define HAVE_INTTYPES_H 1
| #define ENDIAN_LITTLE 1
| /* end confdefs.h.  */
| 
| #include <sys/types.h>
| #include <netinet/in.h>
| #ifdef HAVE_INTTYPES_H
| #include <inttypes.h> */
| #endif
| 
| int
| main ()
| {
| 
|           return htonll(0);
| 
|   ;
|   return 0;
| }
| 
configure:6793: result: no
configure:6797: checking for library containing pthread_create
configure:6838: gcc -std=gnu99 -o conftest -g -O2 -pthread   conftest.c  -levent >&5
configure:6845: $? = 0
configure:6876: result: none required
configure:6894: checking for mlockall
configure:6950: gcc -std=gnu99 -o conftest -g -O2 -pthread   conftest.c  -levent >&5
configure:6957: $? = 0
configure:6979: result: yes
configure:6995: checking for getpagesizes
configure:7051: gcc -std=gnu99 -o conftest -g -O2 -pthread   conftest.c  -levent >&5
Undefined symbols:
  "_getpagesizes", referenced from:
      _main in ccAIKKWV.o
ld: symbol(s) not found
collect2: ld returned 1 exit status
configure:7058: $? = 1
configure: failed program was:
| /* confdefs.h.  */
| #define PACKAGE_NAME "memcached"
| #define PACKAGE_TARNAME "memcached"
| #define PACKAGE_VERSION "1.4.5"
| #define PACKAGE_STRING "memcached 1.4.5"
| #define PACKAGE_BUGREPORT "memcached@googlegroups.com"
| #define PACKAGE "memcached"
| #define VERSION "1.4.5"
| #define STDC_HEADERS 1
| #define HAVE_SYS_TYPES_H 1
| #define HAVE_SYS_STAT_H 1
| #define HAVE_STDLIB_H 1
| #define HAVE_STRING_H 1
| #define HAVE_MEMORY_H 1
| #define HAVE_STRINGS_H 1
| #define HAVE_INTTYPES_H 1
| #define HAVE_STDINT_H 1
| #define HAVE_UNISTD_H 1
| #define HAVE_SASL_SASL_H 1
| #define HAVE__BOOL 1
| #define HAVE_STDBOOL_H 1
| #define HAVE_INTTYPES_H 1
| #define ENDIAN_LITTLE 1
| #define HAVE_MLOCKALL 1
| /* end confdefs.h.  */
| /* Define getpagesizes to an innocuous variant, in case <limits.h> declares getpagesizes.
|    For example, HP-UX 11i <limits.h> declares gettimeofday.  */
| #define getpagesizes innocuous_getpagesizes
| 
| /* System header to define __stub macros and hopefully few prototypes,
|     which can conflict with char getpagesizes (); below.
|     Prefer <limits.h> to <assert.h> if __STDC__ is defined, since
|     <limits.h> exists even on freestanding compilers.  */
| 
| #ifdef __STDC__
| # include <limits.h>
| #else
| # include <assert.h>
| #endif
| 
| #undef getpagesizes
| 
| /* Override any GCC internal prototype to avoid an error.
|    Use char because int might match the return type of a GCC
|    builtin and then its argument prototype would still apply.  */
| #ifdef __cplusplus
| extern "C"
| #endif
| char getpagesizes ();
| /* The GNU C library defines this for functions which it implements
|     to always fail with ENOSYS.  Some functions are actually named
|     something starting with __ and the normal name is an alias.  */
| #if defined __stub_getpagesizes || defined __stub___getpagesizes
| choke me
| #endif
| 
| int
| main ()
| {
| return getpagesizes ();
|   ;
|   return 0;
| }
configure:7080: result: no
configure:7096: checking for memcntl
configure:7152: gcc -std=gnu99 -o conftest -g -O2 -pthread   conftest.c  -levent >&5
Undefined symbols:
  "_memcntl", referenced from:
      _main in cc49ulPh.o
ld: symbol(s) not found
collect2: ld returned 1 exit status
configure:7159: $? = 1
configure: failed program was:
| /* confdefs.h.  */
| #define PACKAGE_NAME "memcached"
| #define PACKAGE_TARNAME "memcached"
| #define PACKAGE_VERSION "1.4.5"
| #define PACKAGE_STRING "memcached 1.4.5"
| #define PACKAGE_BUGREPORT "memcached@googlegroups.com"
| #define PACKAGE "memcached"
| #define VERSION "1.4.5"
| #define STDC_HEADERS 1
| #define HAVE_SYS_TYPES_H 1
| #define HAVE_SYS_STAT_H 1
| #define HAVE_STDLIB_H 1
| #define HAVE_STRING_H 1
| #define HAVE_MEMORY_H 1
| #define HAVE_STRINGS_H 1
| #define HAVE_INTTYPES_H 1
| #define HAVE_STDINT_H 1
| #define HAVE_UNISTD_H 1
| #define HAVE_SASL_SASL_H 1
| #define HAVE__BOOL 1
| #define HAVE_STDBOOL_H 1
| #define HAVE_INTTYPES_H 1
| #define ENDIAN_LITTLE 1
| #define HAVE_MLOCKALL 1
| /* end confdefs.h.  */
| /* Define memcntl to an innocuous variant, in case <limits.h> declares memcntl.
|    For example, HP-UX 11i <limits.h> declares gettimeofday.  */
| #define memcntl innocuous_memcntl
| 
| /* System header to define __stub macros and hopefully few prototypes,
|     which can conflict with char memcntl (); below.
|     Prefer <limits.h> to <assert.h> if __STDC__ is defined, since
|     <limits.h> exists even on freestanding compilers.  */
| 
| #ifdef __STDC__
| # include <limits.h>
| #else
| # include <assert.h>
| #endif
| 
| #undef memcntl
| 
| /* Override any GCC internal prototype to avoid an error.
|    Use char because int might match the return type of a GCC
|    builtin and then its argument prototype would still apply.  */
| #ifdef __cplusplus
| extern "C"
| #endif
| char memcntl ();
| /* The GNU C library defines this for functions which it implements
|     to always fail with ENOSYS.  Some functions are actually named
|     something starting with __ and the normal name is an alias.  */
| #if defined __stub_memcntl || defined __stub___memcntl
| choke me
| #endif
| 
| int
| main ()
| {
| return memcntl ();
|   ;
|   return 0;
| }
configure:7181: result: no
configure:7197: checking for sigignore
configure:7253: gcc -std=gnu99 -o conftest -g -O2 -pthread   conftest.c  -levent >&5
configure:7260: $? = 0
configure:7282: result: yes
configure:7297: checking for alignment
configure:7348: gcc -std=gnu99 -o conftest -g -O2 -pthread   conftest.c  -levent >&5
conftest.c: In function 'main':
conftest.c:44: warning: comparison between pointer and integer
configure:7352: $? = 0
configure:7358: ./conftest
configure:7362: $? = 1
configure: program exited with status 1
configure: failed program was:
| /* confdefs.h.  */
| #define PACKAGE_NAME "memcached"
| #define PACKAGE_TARNAME "memcached"
| #define PACKAGE_VERSION "1.4.5"
| #define PACKAGE_STRING "memcached 1.4.5"
| #define PACKAGE_BUGREPORT "memcached@googlegroups.com"
| #define PACKAGE "memcached"
| #define VERSION "1.4.5"
| #define STDC_HEADERS 1
| #define HAVE_SYS_TYPES_H 1
| #define HAVE_SYS_STAT_H 1
| #define HAVE_STDLIB_H 1
| #define HAVE_STRING_H 1
| #define HAVE_MEMORY_H 1
| #define HAVE_STRINGS_H 1
| #define HAVE_INTTYPES_H 1
| #define HAVE_STDINT_H 1
| #define HAVE_UNISTD_H 1
| #define HAVE_SASL_SASL_H 1
| #define HAVE__BOOL 1
| #define HAVE_STDBOOL_H 1
| #define HAVE_INTTYPES_H 1
| #define ENDIAN_LITTLE 1
| #define HAVE_MLOCKALL 1
| #define HAVE_SIGIGNORE 1
| /* end confdefs.h.  */
| 
| #include <stdlib.h>
| #include <inttypes.h>
| 
| int
| main ()
| {
| 
|        char *buf = malloc(32);
| 
|        uint64_t *ptr = (uint64_t*)(buf+2);
|        // catch sigbus, etc.
|        *ptr = 0x1;
| 
|        // catch unaligned word access (ARM cpus)
|        *buf =  1; *(buf +1) = 2; *(buf + 2) = 2; *(buf + 3) = 3; *(buf + 4) = 4;
|        int* i = (int*)(buf+1);
|        return (84148994 == i) ? 0 : 1;
| 
|   ;
|   return 0;
| }
| 
configure:7384: result: need
configure:7399: checking for setppriv
configure:7455: gcc -std=gnu99 -o conftest -g -O2 -pthread   conftest.c  -levent >&5
Undefined symbols:
  "_setppriv", referenced from:
      _main in ccpsU5c6.o
ld: symbol(s) not found
collect2: ld returned 1 exit status
configure:7462: $? = 1
configure: failed program was:
| /* confdefs.h.  */
| #define PACKAGE_NAME "memcached"
| #define PACKAGE_TARNAME "memcached"
| #define PACKAGE_VERSION "1.4.5"
| #define PACKAGE_STRING "memcached 1.4.5"
| #define PACKAGE_BUGREPORT "memcached@googlegroups.com"
| #define PACKAGE "memcached"
| #define VERSION "1.4.5"
| #define STDC_HEADERS 1
| #define HAVE_SYS_TYPES_H 1
| #define HAVE_SYS_STAT_H 1
| #define HAVE_STDLIB_H 1
| #define HAVE_STRING_H 1
| #define HAVE_MEMORY_H 1
| #define HAVE_STRINGS_H 1
| #define HAVE_INTTYPES_H 1
| #define HAVE_STDINT_H 1
| #define HAVE_UNISTD_H 1
| #define HAVE_SASL_SASL_H 1
| #define HAVE__BOOL 1
| #define HAVE_STDBOOL_H 1
| #define HAVE_INTTYPES_H 1
| #define ENDIAN_LITTLE 1
| #define HAVE_MLOCKALL 1
| #define HAVE_SIGIGNORE 1
| #define NEED_ALIGN 1
| /* end confdefs.h.  */
| /* Define setppriv to an innocuous variant, in case <limits.h> declares setppriv.
|    For example, HP-UX 11i <limits.h> declares gettimeofday.  */
| #define setppriv innocuous_setppriv
| 
| /* System header to define __stub macros and hopefully few prototypes,
|     which can conflict with char setppriv (); below.
|     Prefer <limits.h> to <assert.h> if __STDC__ is defined, since
|     <limits.h> exists even on freestanding compilers.  */
| 
| #ifdef __STDC__
| # include <limits.h>
| #else
| # include <assert.h>
| #endif
| 
| #undef setppriv
| 
| /* Override any GCC internal prototype to avoid an error.
|    Use char because int might match the return type of a GCC
|    builtin and then its argument prototype would still apply.  */
| #ifdef __cplusplus
| extern "C"
| #endif
| char setppriv ();
| /* The GNU C library defines this for functions which it implements
|     to always fail with ENOSYS.  Some functions are actually named
|     something starting with __ and the normal name is an alias.  */
| #if defined __stub_setppriv || defined __stub___setppriv
| choke me
| #endif
| 
| int
| main ()
| {
| return setppriv ();
|   ;
|   return 0;
| }
configure:7484: result: no
configure:7661: checking umem.h usability
configure:7678: gcc -std=gnu99 -c -g -O2 -pthread  conftest.c >&5
conftest.c:61:18: error: umem.h: No such file or directory
configure:7685: $? = 1
configure: failed program was:
| /* confdefs.h.  */
| #define PACKAGE_NAME "memcached"
| #define PACKAGE_TARNAME "memcached"
| #define PACKAGE_VERSION "1.4.5"
| #define PACKAGE_STRING "memcached 1.4.5"
| #define PACKAGE_BUGREPORT "memcached@googlegroups.com"
| #define PACKAGE "memcached"
| #define VERSION "1.4.5"
| #define STDC_HEADERS 1
| #define HAVE_SYS_TYPES_H 1
| #define HAVE_SYS_STAT_H 1
| #define HAVE_STDLIB_H 1
| #define HAVE_STRING_H 1
| #define HAVE_MEMORY_H 1
| #define HAVE_STRINGS_H 1
| #define HAVE_INTTYPES_H 1
| #define HAVE_STDINT_H 1
| #define HAVE_UNISTD_H 1
| #define HAVE_SASL_SASL_H 1
| #define HAVE__BOOL 1
| #define HAVE_STDBOOL_H 1
| #define HAVE_INTTYPES_H 1
| #define ENDIAN_LITTLE 1
| #define HAVE_MLOCKALL 1
| #define HAVE_SIGIGNORE 1
| #define NEED_ALIGN 1
| /* end confdefs.h.  */
| #include <stdio.h>
| #ifdef HAVE_SYS_TYPES_H
| # include <sys/types.h>
| #endif
| #ifdef HAVE_SYS_STAT_H
| # include <sys/stat.h>
| #endif
| #ifdef STDC_HEADERS
| # include <stdlib.h>
| # include <stddef.h>
| #else
| # ifdef HAVE_STDLIB_H
| #  include <stdlib.h>
| # endif
| #endif
| #ifdef HAVE_STRING_H
| # if !defined STDC_HEADERS && defined HAVE_MEMORY_H
| #  include <memory.h>
| # endif
| # include <string.h>
| #endif
| #ifdef HAVE_STRINGS_H
| # include <strings.h>
| #endif
| #ifdef HAVE_INTTYPES_H
| # include <inttypes.h>
| #endif
| #ifdef HAVE_STDINT_H
| # include <stdint.h>
| #endif
| #ifdef HAVE_UNISTD_H
| # include <unistd.h>
| #endif
| #include <umem.h>
configure:7699: result: no
configure:7703: checking umem.h presence
configure:7718: gcc -E  conftest.c
conftest.c:28:18: error: umem.h: No such file or directory
configure:7725: $? = 1
configure: failed program was:
| /* confdefs.h.  */
| #define PACKAGE_NAME "memcached"
| #define PACKAGE_TARNAME "memcached"
| #define PACKAGE_VERSION "1.4.5"
| #define PACKAGE_STRING "memcached 1.4.5"
| #define PACKAGE_BUGREPORT "memcached@googlegroups.com"
| #define PACKAGE "memcached"
| #define VERSION "1.4.5"
| #define STDC_HEADERS 1
| #define HAVE_SYS_TYPES_H 1
| #define HAVE_SYS_STAT_H 1
| #define HAVE_STDLIB_H 1
| #define HAVE_STRING_H 1
| #define HAVE_MEMORY_H 1
| #define HAVE_STRINGS_H 1
| #define HAVE_INTTYPES_H 1
| #define HAVE_STDINT_H 1
| #define HAVE_UNISTD_H 1
| #define HAVE_SASL_SASL_H 1
| #define HAVE__BOOL 1
| #define HAVE_STDBOOL_H 1
| #define HAVE_INTTYPES_H 1
| #define ENDIAN_LITTLE 1
| #define HAVE_MLOCKALL 1
| #define HAVE_SIGIGNORE 1
| #define NEED_ALIGN 1
| /* end confdefs.h.  */
| #include <umem.h>
configure:7739: result: no
configure:7772: checking for umem.h
configure:7779: result: no
configure:7815: checking for xml2rfc
configure:7846: result: no
configure:7856: checking for xsltproc
configure:7874: found /usr/bin/xsltproc
configure:7887: result: /usr/bin/xsltproc
configure:8093: creating ./config.status

## ---------------------- ##
## Running config.status. ##
## ---------------------- ##

This file was extended by memcached config.status 1.4.5, which was
generated by GNU Autoconf 2.63.  Invocation command line was

  CONFIG_FILES    = 
  CONFIG_HEADERS  = 
  CONFIG_LINKS    = 
  CONFIG_COMMANDS = 
  $ ./config.status 

on nitre.local

config.status:811: creating Makefile
config.status:811: creating doc/Makefile
config.status:811: creating config.h
config.status:1033: config.h is unchanged
config.status:1085: executing depfiles commands

## ---------------- ##
## Cache variables. ##
## ---------------- ##

ac_cv_build=i386-apple-darwin9.8.0
ac_cv_c_alignment=need
ac_cv_c_compiler_gnu=yes
ac_cv_c_const=yes
ac_cv_c_endian=little
ac_cv_c_socklen_t=yes
ac_cv_c_uint64_support=yes
ac_cv_env_CC_set=
ac_cv_env_CC_value=
ac_cv_env_CFLAGS_set=
ac_cv_env_CFLAGS_value=
ac_cv_env_CPPFLAGS_set=
ac_cv_env_CPPFLAGS_value=
ac_cv_env_CPP_set=
ac_cv_env_CPP_value=
ac_cv_env_LDFLAGS_set=
ac_cv_env_LDFLAGS_value=
ac_cv_env_LIBS_set=
ac_cv_env_LIBS_value=
ac_cv_env_build_alias_set=
ac_cv_env_build_alias_value=
ac_cv_env_host_alias_set=
ac_cv_env_host_alias_value=
ac_cv_env_target_alias_set=
ac_cv_env_target_alias_value=
ac_cv_func_getpagesizes=no
ac_cv_func_memcntl=no
ac_cv_func_mlockall=yes
ac_cv_func_setppriv=no
ac_cv_func_sigignore=yes
ac_cv_header_inttypes_h=yes
ac_cv_header_memory_h=yes
ac_cv_header_sasl_sasl_h=yes
ac_cv_header_stdbool_h=yes
ac_cv_header_stdc=yes
ac_cv_header_stdint_h=yes
ac_cv_header_stdlib_h=yes
ac_cv_header_string_h=yes
ac_cv_header_strings_h=yes
ac_cv_header_sys_stat_h=yes
ac_cv_header_sys_types_h=yes
ac_cv_header_umem_h=no
ac_cv_header_unistd_h=yes
ac_cv_host=i386-apple-darwin9.8.0
ac_cv_lib_gcov_main=yes
ac_cv_libevent_dir='(system)'
ac_cv_objext=o
ac_cv_path_EGREP='/usr/bin/grep -E'
ac_cv_path_GREP=/usr/bin/grep
ac_cv_path_PROFILER=/usr/bin/gcov
ac_cv_path_XML2RFC=no
ac_cv_path_XSLTPROC=/usr/bin/xsltproc
ac_cv_path_install='/usr/bin/install -c'
ac_cv_prog_AWK=awk
ac_cv_prog_CPP='gcc -E'
ac_cv_prog_ac_ct_CC=gcc
ac_cv_prog_cc_c89=
ac_cv_prog_cc_c99=-std=gnu99
ac_cv_prog_cc_g=yes
ac_cv_prog_cc_gcc_c_o=yes
ac_cv_prog_make_make_set=yes
ac_cv_search_gethostbyname='none required'
ac_cv_search_gethugepagesizes=no
ac_cv_search_pthread_create='none required'
ac_cv_search_socket='none required'
ac_cv_search_umem_cache_create=no
ac_cv_target=i386-apple-darwin9.8.0
ac_cv_type__Bool=yes
am_cv_CC_dependencies_compiler_type=gcc3

## ----------------- ##
## Output variables. ##
## ----------------- ##

ACLOCAL='${SHELL} /Users/nicolaas/Desktop/AlterEgo/memcached-1.4.5/missing --run aclocal-1.10'
AMDEPBACKSLASH='\'
AMDEP_FALSE='#'
AMDEP_TRUE=''
AMTAR='${SHELL} /Users/nicolaas/Desktop/AlterEgo/memcached-1.4.5/missing --run tar'
AUTOCONF='${SHELL} /Users/nicolaas/Desktop/AlterEgo/memcached-1.4.5/missing --run autoconf'
AUTOHEADER='${SHELL} /Users/nicolaas/Desktop/AlterEgo/memcached-1.4.5/missing --run autoheader'
AUTOMAKE='${SHELL} /Users/nicolaas/Desktop/AlterEgo/memcached-1.4.5/missing --run automake-1.10'
AWK='awk'
BUILD_CACHE_FALSE='#'
BUILD_CACHE_TRUE=''
BUILD_DTRACE_FALSE=''
BUILD_DTRACE_TRUE='#'
BUILD_SOLARIS_PRIVS_FALSE=''
BUILD_SOLARIS_PRIVS_TRUE='#'
BUILD_SPECIFICATIONS_FALSE=''
BUILD_SPECIFICATIONS_TRUE='#'
CC='gcc -std=gnu99'
CCDEPMODE='depmode=gcc3'
CFLAGS='-g -O2 -pthread -Wall -Werror -pedantic -Wmissing-prototypes -Wmissing-declarations -Wredundant-decls'
CPP='gcc -E'
CPPFLAGS=''
CYGPATH_W='echo'
DEFS='-DHAVE_CONFIG_H'
DEPDIR='.deps'
DTRACE=''
DTRACEFLAGS=''
DTRACE_INSTRUMENT_OBJ_FALSE=''
DTRACE_INSTRUMENT_OBJ_TRUE='#'
ECHO_C='\c'
ECHO_N=''
ECHO_T=''
EGREP='/usr/bin/grep -E'
ENABLE_SASL=''
ENABLE_SASL_FALSE=''
ENABLE_SASL_TRUE='#'
EXEEXT=''
GREP='/usr/bin/grep'
INSTALL_DATA='${INSTALL} -m 644'
INSTALL_PROGRAM='${INSTALL}'
INSTALL_SCRIPT='${INSTALL}'
INSTALL_STRIP_PROGRAM='$(install_sh) -c -s'
LDFLAGS=''
LIBOBJS=''
LIBS=' -levent'
LTLIBOBJS=''
MAKEINFO='${SHELL} /Users/nicolaas/Desktop/AlterEgo/memcached-1.4.5/missing --run makeinfo'
MKDIR_P='./install-sh -c -d'
OBJEXT='o'
PACKAGE='memcached'
PACKAGE_BUGREPORT='memcached@googlegroups.com'
PACKAGE_NAME='memcached'
PACKAGE_STRING='memcached 1.4.5'
PACKAGE_TARNAME='memcached'
PACKAGE_VERSION='1.4.5'
PATH_SEPARATOR=':'
PROFILER='/usr/bin/gcov'
PROFILER_FLAGS='-fprofile-arcs -ftest-coverage'
PROFILER_LDFLAGS='-lgcov'
SET_MAKE=''
SHELL='/bin/sh'
STRIP=''
VERSION='1.4.5'
XML2RFC='no'
XSLTPROC='/usr/bin/xsltproc'
ac_ct_CC='gcc'
am__fastdepCC_FALSE='#'
am__fastdepCC_TRUE=''
am__include='include'
am__isrc=''
am__leading_dot='.'
am__quote=''
am__tar='${AMTAR} chof - "$$tardir"'
am__untar='${AMTAR} xf -'
bindir='${exec_prefix}/bin'
build='i386-apple-darwin9.8.0'
build_alias=''
build_cpu='i386'
build_os='darwin9.8.0'
build_vendor='apple'
datadir='${datarootdir}'
datarootdir='${prefix}/share'
docdir='${datarootdir}/doc/${PACKAGE_TARNAME}'
dvidir='${docdir}'
exec_prefix='${prefix}'
host='i386-apple-darwin9.8.0'
host_alias=''
host_cpu='i386'
host_os='darwin9.8.0'
host_vendor='apple'
htmldir='${docdir}'
includedir='${prefix}/include'
infodir='${datarootdir}/info'
install_sh='$(SHELL) /Users/nicolaas/Desktop/AlterEgo/memcached-1.4.5/install-sh'
libdir='${exec_prefix}/lib'
libexecdir='${exec_prefix}/libexec'
localedir='${datarootdir}/locale'
localstatedir='${prefix}/var'
mandir='${datarootdir}/man'
mkdir_p='$(top_builddir)/./install-sh -c -d'
oldincludedir='/usr/include'
pdfdir='${docdir}'
prefix='/usr/local'
program_transform_name='s,x,x,'
psdir='${docdir}'
sbindir='${exec_prefix}/sbin'
sharedstatedir='${prefix}/com'
sysconfdir='${prefix}/etc'
target='i386-apple-darwin9.8.0'
target_alias=''
target_cpu='i386'
target_os='darwin9.8.0'
target_vendor='apple'

## ----------- ##
## confdefs.h. ##
## ----------- ##

#define PACKAGE_NAME "memcached"
#define PACKAGE_TARNAME "memcached"
#define PACKAGE_VERSION "1.4.5"
#define PACKAGE_STRING "memcached 1.4.5"
#define PACKAGE_BUGREPORT "memcached@googlegroups.com"
#define PACKAGE "memcached"
#define VERSION "1.4.5"
#define STDC_HEADERS 1
#define HAVE_SYS_TYPES_H 1
#define HAVE_SYS_STAT_H 1
#define HAVE_STDLIB_H 1
#define HAVE_STRING_H 1
#define HAVE_MEMORY_H 1
#define HAVE_STRINGS_H 1
#define HAVE_INTTYPES_H 1
#define HAVE_STDINT_H 1
#define HAVE_UNISTD_H 1
#define HAVE_SASL_SASL_H 1
#define HAVE__BOOL 1
#define HAVE_STDBOOL_H 1
#define HAVE_INTTYPES_H 1
#define ENDIAN_LITTLE 1
#define HAVE_MLOCKALL 1
#define HAVE_SIGIGNORE 1
#define NEED_ALIGN 1
#define _GNU_SOURCE 1

configure: exit 0
